<?xml version="1.0" encoding="UTF-8"?>
<!-- Generated by org.testng.reporters.JUnitXMLReporter -->
<testsuite hostname="DESKTOP-G5IAJLS" ignored="0" name="Testng" tests="1" failures="0" timestamp="2021-09-18T14:08:36 IST" time="0.259" errors="0">
  <testcase name="@BeforeMethod setUp" time="0.095" classname="com.testng.practice.TestNg1">
    <failure type="java.lang.IllegalStateException" message="The driver executable does not exist: C:\Users\CPOohaa\Desktop\SeleniumPractice\SseleniumPractice1\.\drivers\chrome.exe">
      <![CDATA[java.lang.IllegalStateException: The driver executable does not exist: C:\Users\CPOohaa\Desktop\SeleniumPractice\SseleniumPractice1\.\drivers\chrome.exe
at com.google.common.base.Preconditions.checkState(Preconditions.java:585)
at org.openqa.selenium.remote.service.DriverService.checkExecutable(DriverService.java:146)
at org.openqa.selenium.remote.service.DriverService.findExecutable(DriverService.java:141)
at org.openqa.selenium.chrome.ChromeDriverService.access$000(ChromeDriverService.java:35)
at org.openqa.selenium.chrome.ChromeDriverService$Builder.findDefaultExecutable(ChromeDriverService.java:159)
at org.openqa.selenium.remote.service.DriverService$Builder.build(DriverService.java:355)
at org.openqa.selenium.chrome.ChromeDriverService.createDefaultService(ChromeDriverService.java:94)
at org.openqa.selenium.chrome.ChromeDriver.<init>(ChromeDriver.java:123)
at com.testng.practice.TestNg1.setUp(TestNg1.java:22)
at java.util.ArrayList.forEach(Unknown Source)
... Removed 31 stack frames]]>
    </failure>
  </testcase> <!-- @BeforeMethod setUp -->
  <testcase name="@AfterMethod tearDown" time="-1.631954316384E9" classname="com.testng.practice.TestNg1">
    <skipped/>
  </testcase> <!-- @AfterMethod tearDown -->
  <testcase name="verifyPageTitle" time="0.0" classname="com.testng.practice.TestNg1">
    <skipped/>
  </testcase> <!-- verifyPageTitle -->
</testsuite> <!-- Testng -->
